aaabbbccc
12345678
usemetologin
frank_sinatra
is_this_fo'_real
sdasdasd
aaabbbccc
12345678
usemetologin
frank_sinatra
is_this_fo'_real
sdasdasd37
usemetologin
frank_sinatra
is_this_fo'_real
sdasdasd37
usemetologin
frank_sinatra
is_this_fo'_real
sdasdasd37
usemetologin
frank_sinatra
is_this_fo'_real
sdasdasd37
usemetologin
frank_sinatra
is_this_fo'_real
sdasdasd37
usemetologin
frank_sinatra
is_this_fo'_real
sdasdasd37
usemetologin
frank_sinatra
is_this_fo'_real
sdasdasd37
freefree
usemetologin
frank_sinatra
is_this_fo'_real
sdasdasd37
final_stand_666
